<?xml version="1.0" encoding="UTF-8"?>
<testng-results ignored="0" total="1" passed="1" failed="0" skipped="0">
  <reporter-output>
  </reporter-output>
  <suite started-at="2023-02-17T21:20:42 EST" name="Default suite" finished-at="2023-02-17T21:21:00 EST" duration-ms="18098">
    <groups>
    </groups>
    <test started-at="2023-02-17T21:20:42 EST" name="Default test" finished-at="2023-02-17T21:21:00 EST" duration-ms="18098">
      <class name="test.MonthDropDownTest">
        <test-method signature="userShouldBeAbleToSeeAllTheMonths()[pri:0, instance:test.MonthDropDownTest@7690781]" started-at="2023-02-17T21:20:42 EST" name="userShouldBeAbleToSeeAllTheMonths" finished-at="2023-02-17T21:21:00 EST" duration-ms="18073" status="PASS">
          <reporter-output>
          </reporter-output>
        </test-method> <!-- userShouldBeAbleToSeeAllTheMonths -->
      </class> <!-- test.MonthDropDownTest -->
    </test> <!-- Default test -->
  </suite> <!-- Default suite -->
</testng-results>
